<?xml version="1.0" encoding="UTF-8"?>
<!-- Generated by org.testng.reporters.JUnitXMLReporter -->
<testsuite hostname="GDILP-196" name="Default test" tests="3" failures="0" timestamp="22 Jun 2020 09:32:12 GMT" time="25.242" errors="0">
  <testcase name="verifyPage" time="3.084" classname="com.zipal.test.VerifyCart"/>
  <testcase name="verifyLink" time="0.071" classname="com.zipal.test.VerifyCart"/>
  <testcase name="verifyProductsOnPhonesAndPDAsPage" time="4.323" classname="com.zipal.test.VerifyCart"/>
</testsuite> <!-- Default test -->
